<?xml version="1.0" encoding="UTF-8"?>
<coverage generated="1640371408730" clover="3.2.0">
  <project timestamp="1640371408731" name="All files">
    <metrics statements="6" coveredstatements="6" conditionals="2" coveredconditionals="1" methods="2" coveredmethods="2" elements="10" coveredelements="9" complexity="0" loc="6" ncloc="6" packages="1" files="2" classes="2"/>
    <file name="commentCounter.js" path="C:\Users\fatma awd\OneDrive\سطح المكتب\main project\capstone-project\src\functions\commentCounter.js">
      <metrics statements="3" coveredstatements="3" conditionals="2" coveredconditionals="1" methods="1" coveredmethods="1"/>
      <line num="1" count="1" type="stmt"/>
      <line num="2" count="1" type="cond" truecount="1" falsecount="1"/>
      <line num="3" count="1" type="stmt"/>
    </file>
    <file name="mealCounter.js" path="C:\Users\fatma awd\OneDrive\سطح المكتب\main project\capstone-project\src\functions\mealCounter.js">
      <metrics statements="3" coveredstatements="3" conditionals="0" coveredconditionals="0" methods="1" coveredmethods="1"/>
      <line num="1" count="1" type="stmt"/>
      <line num="2" count="1" type="stmt"/>
      <line num="3" count="1" type="stmt"/>
    </file>
  </project>
</coverage>
