{"C:\\Users\\fatma awd\\OneDrive\\سطح المكتب\\main project\\capstone-project\\src\\functions\\commentCounter.js": {"path":"C:\\Users\\fatma awd\\OneDrive\\سطح المكتب\\main project\\capstone-project\\src\\functions\\commentCounter.js","statementMap":{"0":{"start":{"line":1,"column":23},"end":{"line":4,"column":1}},"1":{"start":{"line":2,"column":16},"end":{"line":2,"column":55}},"2":{"start":{"line":3,"column":2},"end":{"line":3,"column":15}}},"fnMap":{"0":{"name":"(anonymous_0)","decl":{"start":{"line":1,"column":23},"end":{"line":1,"column":24}},"loc":{"start":{"line":1,"column":38},"end":{"line":4,"column":1}},"line":1}},"branchMap":{"0":{"loc":{"start":{"line":2,"column":16},"end":{"line":2,"column":55}},"type":"cond-expr","locations":[{"start":{"line":2,"column":35},"end":{"line":2,"column":51}},{"start":{"line":2,"column":54},"end":{"line":2,"column":55}}],"line":2}},"s":{"0":1,"1":1,"2":1},"f":{"0":1},"b":{"0":[1,0]},"_coverageSchema":"1a1c01bbd47fc00a2c39e90264f33305004495a9","hash":"0521b245a790d3ed632248c653a2af5bd3b6d432"}
,"C:\\Users\\fatma awd\\OneDrive\\سطح المكتب\\main project\\capstone-project\\src\\functions\\mealCounter.js": {"path":"C:\\Users\\fatma awd\\OneDrive\\سطح المكتب\\main project\\capstone-project\\src\\functions\\mealCounter.js","statementMap":{"0":{"start":{"line":1,"column":20},"end":{"line":4,"column":1}},"1":{"start":{"line":2,"column":16},"end":{"line":2,"column":48}},"2":{"start":{"line":3,"column":2},"end":{"line":3,"column":40}}},"fnMap":{"0":{"name":"(anonymous_0)","decl":{"start":{"line":1,"column":20},"end":{"line":1,"column":21}},"loc":{"start":{"line":1,"column":32},"end":{"line":4,"column":1}},"line":1}},"branchMap":{},"s":{"0":1,"1":1,"2":1},"f":{"0":1},"b":{},"_coverageSchema":"1a1c01bbd47fc00a2c39e90264f33305004495a9","hash":"f6142e5bc0c83e584fd10a7edd94b566ea09dedd"}
}
